%!Adobe-FontList 1.22
%Locale:0x409

%BeginFont
Handler:DirectoryHandler
FontType:Invalid
OutlineFileName:/Users/administration/Downloads/25-05-2021/139-10_Website_Design_dl-3_Programmierer Ordner/Document fonts/AdobeFnt22.lst
FileLength:4168
FileModTime:643714510
%EndFont

%BeginFont
Handler:DirectoryHandler
FontType:Type1
FontName:Replica-Bold
FamilyName:Replica-Bold
StyleName:Regular
MenuName:Replica-Bold
StyleBits:0
WeightClass:400
WidthClass:5
AngleClass:0
FullName:Replica-Bold
WritingScript:Roman
OutlineFileName:/Users/administration/Downloads/25-05-2021/139-10_Website_Design_dl-3_Programmierer Ordner/Document fonts/Replica Bold.otf
DataFormat:sfntData
UsesStandardEncoding:yes
isCFF:yes
hasSVG:no
VariableFontType:NonVariableFont
FileLength:91308
FileModTime:631606908
NameArray:0,Mac,4,Replica-Bold
NameArray:0,Win,1,Replica-Bold
%EndFont

%BeginFont
Handler:DirectoryHandler
FontType:Type1
FontName:Replica-Light
FamilyName:Replica-Light
StyleName:Regular
MenuName:Replica-Light
StyleBits:0
WeightClass:400
WidthClass:5
AngleClass:0
FullName:Replica-Light
WritingScript:Roman
OutlineFileName:/Users/administration/Downloads/25-05-2021/139-10_Website_Design_dl-3_Programmierer Ordner/Document fonts/Replica Light.otf
DataFormat:sfntData
UsesStandardEncoding:yes
isCFF:yes
hasSVG:no
VariableFontType:NonVariableFont
FileLength:89892
FileModTime:631606908
NameArray:0,Mac,4,Replica-Light
NameArray:0,Win,1,Replica-Light
%EndFont

%BeginFont
Handler:DirectoryHandler
FontType:Type1
FontName:Replica-LightItalic
FamilyName:Replica-LightItalic
StyleName:Regular
MenuName:Replica-LightItalic
StyleBits:0
WeightClass:400
WidthClass:5
AngleClass:0
FullName:Replica-LightItalic
WritingScript:Roman
OutlineFileName:/Users/administration/Downloads/25-05-2021/139-10_Website_Design_dl-3_Programmierer Ordner/Document fonts/Replica LightItalic.otf
DataFormat:sfntData
UsesStandardEncoding:yes
isCFF:yes
hasSVG:no
VariableFontType:NonVariableFont
FileLength:88984
FileModTime:290743184
NameArray:0,Mac,4,Replica-LightItalic
NameArray:0,Win,1,Replica-LightItalic
%EndFont

%BeginFont
Handler:DirectoryHandler
FontType:Type1
FontName:Replica-Regular
FamilyName:Replica-Regular
StyleName:Regular
MenuName:Replica-Regular
StyleBits:0
WeightClass:400
WidthClass:5
AngleClass:0
FullName:Replica-Regular
WritingScript:Roman
OutlineFileName:/Users/administration/Downloads/25-05-2021/139-10_Website_Design_dl-3_Programmierer Ordner/Document fonts/Replica Regular.otf
DataFormat:sfntData
UsesStandardEncoding:yes
isCFF:yes
hasSVG:no
VariableFontType:NonVariableFont
FileLength:90152
FileModTime:631606908
NameArray:0,Mac,4,Replica-Regular
NameArray:0,Win,1,Replica-Regular
%EndFont

%BeginFont
Handler:DirectoryHandler
FontType:TrueType
FontName:Roboto-Black
FamilyName:Roboto
StyleName:Black
MenuName:Roboto Black
StyleBits:0
WeightClass:900
WidthClass:5
AngleClass:0
FullName:Roboto Black
WritingScript:Roman
OutlineFileName:/Users/administration/Downloads/25-05-2021/139-10_Website_Design_dl-3_Programmierer Ordner/Document fonts/Roboto-Black.ttf
DataFormat:sfntData
hasSVG:no
VariableFontType:NonVariableFont
FileLength:142472
FileModTime:631606908
NameArray:0,Mac,18,Roboto Black
NameArray:0,Mac,4,Roboto Black
NameArray:0,Win,1,Roboto Black
NameArray:0,Win,16,Roboto
%EndFont

%BeginFont
Handler:DirectoryHandler
FontType:TrueType
FontName:Roboto-Bold
FamilyName:Roboto
StyleName:Bold
MenuName:Roboto
StyleBits:2
WeightClass:700
WidthClass:5
AngleClass:0
FullName:Roboto Bold
WritingScript:Roman
OutlineFileName:/Users/administration/Downloads/25-05-2021/139-10_Website_Design_dl-3_Programmierer Ordner/Document fonts/Roboto-Bold.ttf
DataFormat:sfntData
hasSVG:no
VariableFontType:NonVariableFont
FileLength:135820
FileModTime:631606908
NameArray:0,Mac,18,Roboto Bold
NameArray:0,Mac,4,Roboto Bold
NameArray:0,Win,1,Roboto
%EndFont

%BeginFont
Handler:DirectoryHandler
FontType:TrueType
FontName:Roboto-Regular
FamilyName:Roboto
StyleName:Regular
MenuName:Roboto
StyleBits:0
WeightClass:400
WidthClass:5
AngleClass:0
FullName:Roboto Regular
WritingScript:Roman
OutlineFileName:/Users/administration/Downloads/25-05-2021/139-10_Website_Design_dl-3_Programmierer Ordner/Document fonts/Roboto-Regular.ttf
DataFormat:sfntData
hasSVG:no
VariableFontType:NonVariableFont
FileLength:145348
FileModTime:631606908
NameArray:0,Mac,18,Roboto Regular
NameArray:0,Mac,4,Roboto Regular
NameArray:0,Win,1,Roboto
%EndFont

